<?xml version="1.0" encoding="UTF-8"?>
<testsuite xmlns:xsi="http://www.w3.org/2001/XMLSchema-instance" xsi:schemaLocation="https://maven.apache.org/surefire/maven-surefire-plugin/xsd/surefire-test-report.xsd" name="com.newtours.framework.TestRunner" time="102.33" tests="37" errors="0" skipped="0" failures="0">
  <properties>
[...]
</properties>
  <testcase name="Given I am on the Homepage page on URL &quot;http://newtours.demoaut.com&quot;" classname="| mercury | mercury |" time="0.002"/>
  <testcase name="Then I should see &quot;Welcome: Mercury Tours&quot;  as page title" classname="| mercury | mercury |" time="0"/>
  <testcase name="When I enter Username as &quot;mercury&quot;" classname="| mercury | mercury |" time="0"/>
  <testcase name="And I enter Password as &quot;mercury&quot;" classname="| mercury | mercury |" time="0.001"/>
  <testcase name="And I click on the Login button" classname="| mercury | mercury |" time="0"/>
  <testcase name="Then I should see the title as &quot;Find a Flight: Mercury Tours:&quot;" classname="| mercury | mercury |" time="0"/>
  <testcase name="| mercury | mercury |" classname="| mercury | mercury |" time="2.095"/>
  <testcase name="Given I navigate to the home page" classname="| 1 | London | April | 20 | Paris | April | 30 | Customer | One | 1000 |" time="0"/>
  <testcase name="When I submit username and password" classname="| 1 | London | April | 20 | Paris | April | 30 | Customer | One | 1000 |" time="0"/>
  <testcase name="Then I should be logged in" classname="| 1 | London | April | 20 | Paris | April | 30 | Customer | One | 1000 |" time="0"/>
  <testcase name="When I select number of passengers &quot;1&quot;" classname="| 1 | London | April | 20 | Paris | April | 30 | Customer | One | 1000 |" time="0"/>
  <testcase name="And I select Departing From as &quot;London&quot;" classname="| 1 | London | April | 20 | Paris | April | 30 | Customer | One | 1000 |" time="0"/>
  <testcase name="And I select Departure Month &quot;April&quot; and Day as &quot;20&quot;" classname="| 1 | London | April | 20 | Paris | April | 30 | Customer | One | 1000 |" time="0"/>
  <testcase name="And I select Arriving In as &quot;Paris&quot;" classname="| 1 | London | April | 20 | Paris | April | 30 | Customer | One | 1000 |" time="0.001"/>
  <testcase name="And I select Arrival Month &quot;April&quot; and Day as &quot;30&quot;" classname="| 1 | London | April | 20 | Paris | April | 30 | Customer | One | 1000 |" time="0"/>
  <testcase name="Then I click on the find Flights Continue button" classname="| 1 | London | April | 20 | Paris | April | 30 | Customer | One | 1000 |" time="0.001"/>
  <testcase name="Then I click on the reserve Flights Continue button" classname="| 1 | London | April | 20 | Paris | April | 30 | Customer | One | 1000 |" time="0"/>
  <testcase name="And I enter FirstName as &quot;Customer&quot; and LastName as &quot;One&quot;" classname="| 1 | London | April | 20 | Paris | April | 30 | Customer | One | 1000 |" time="0"/>
  <testcase name="And I enter Card Number as &quot;1000&quot;" classname="| 1 | London | April | 20 | Paris | April | 30 | Customer | One | 1000 |" time="0"/>
  <testcase name="And I click on the Secure Purchase button" classname="| 1 | London | April | 20 | Paris | April | 30 | Customer | One | 1000 |" time="0"/>
  <testcase name="Then I should see Flight confirmation page" classname="| 1 | London | April | 20 | Paris | April | 30 | Customer | One | 1000 |" time="0"/>
  <testcase name="| 1 | London | April | 20 | Paris | April | 30 | Customer | One | 1000 |" classname="| 1 | London | April | 20 | Paris | April | 30 | Customer | One | 1000 |" time="1.189"/>
  <testcase name="Given I navigate to the home page" classname="| 1 | Zurich | May | 20 | Portland | May | 30 | Customer | Two | 1001 |" time="0"/>
  <testcase name="When I submit username and password" classname="| 1 | Zurich | May | 20 | Portland | May | 30 | Customer | Two | 1001 |" time="0"/>
  <testcase name="Then I should be logged in" classname="| 1 | Zurich | May | 20 | Portland | May | 30 | Customer | Two | 1001 |" time="0"/>
  <testcase name="When I select number of passengers &quot;1&quot;" classname="| 1 | Zurich | May | 20 | Portland | May | 30 | Customer | Two | 1001 |" time="0"/>
  <testcase name="And I select Departing From as &quot;Zurich&quot;" classname="| 1 | Zurich | May | 20 | Portland | May | 30 | Customer | Two | 1001 |" time="0"/>
  <testcase name="And I select Departure Month &quot;May&quot; and Day as &quot;20&quot;" classname="| 1 | Zurich | May | 20 | Portland | May | 30 | Customer | Two | 1001 |" time="0"/>
  <testcase name="And I select Arriving In as &quot;Portland&quot;" classname="| 1 | Zurich | May | 20 | Portland | May | 30 | Customer | Two | 1001 |" time="0"/>
  <testcase name="And I select Arrival Month &quot;May&quot; and Day as &quot;30&quot;" classname="| 1 | Zurich | May | 20 | Portland | May | 30 | Customer | Two | 1001 |" time="0"/>
  <testcase name="Then I click on the find Flights Continue button" classname="| 1 | Zurich | May | 20 | Portland | May | 30 | Customer | Two | 1001 |" time="0"/>
  <testcase name="Then I click on the reserve Flights Continue button" classname="| 1 | Zurich | May | 20 | Portland | May | 30 | Customer | Two | 1001 |" time="0"/>
  <testcase name="And I enter FirstName as &quot;Customer&quot; and LastName as &quot;Two&quot;" classname="| 1 | Zurich | May | 20 | Portland | May | 30 | Customer | Two | 1001 |" time="0"/>
  <testcase name="And I enter Card Number as &quot;1001&quot;" classname="| 1 | Zurich | May | 20 | Portland | May | 30 | Customer | Two | 1001 |" time="0"/>
  <testcase name="And I click on the Secure Purchase button" classname="| 1 | Zurich | May | 20 | Portland | May | 30 | Customer | Two | 1001 |" time="0"/>
  <testcase name="Then I should see Flight confirmation page" classname="| 1 | Zurich | May | 20 | Portland | May | 30 | Customer | Two | 1001 |" time="0"/>
  <testcase name="| 1 | Zurich | May | 20 | Portland | May | 30 | Customer | Two | 1001 |" classname="| 1 | Zurich | May | 20 | Portland | May | 30 | Customer | Two | 1001 |" time="1.125"/>
</testsuite>